{"name": "test_mp_app", "status": "broken", "statusDetails": {"message": "selenium.common.exceptions.UnexpectedTagNameException: Message: Select only works on <select> elements, not on <input>", "trace": "self = <scripts.test02_mp_app.TestApp object at 0x10573e940>\nversionName = '安卓-01', version = 'andriod-01'\n\n    def test_mp_app(self, versionName=\"安卓-01\", version=\"andriod-01\"):\n>       self.app.page_mp_app(versionName, version)\n\ntest02_mp_app.py:22: \n_ _ _ _ _ _ _ _ _ _ _ _ _ _ _ _ _ _ _ _ _ _ _ _ _ _ _ _ _ _ _ _ _ _ _ _ _ _ _ _ \n../page/page_mp_app.py:39: in page_mp_app\n    self.page_app_select_type()\n../page/page_mp_app.py:28: in page_app_select_type\n    self.web_click_element(placeholder_text=\"请选择\", click_text=\"口罩\")\n../base/web_base.py:16: in web_click_element\n    sel = Select(el)\n_ _ _ _ _ _ _ _ _ _ _ _ _ _ _ _ _ _ _ _ _ _ _ _ _ _ _ _ _ _ _ _ _ _ _ _ _ _ _ _ \n\nself = <selenium.webdriver.support.select.Select object at 0x105810518>\nwebelement = <selenium.webdriver.remote.webelement.WebElement (session=\"8b7803a0a0e73eb9b0b43564719aa95c\", element=\"a40517c1-d62f-45ec-bc75-ce4f23e52e12\")>\n\n    def __init__(self, webelement):\n        \"\"\"\n        Constructor. A check is made that the given element is, indeed, a SELECT tag. If it is not,\n        then an UnexpectedTagNameException is thrown.\n    \n        :Args:\n         - webelement - element SELECT element to wrap\n    \n        Example:\n            from selenium.webdriver.support.ui import Select \\n\n            Select(driver.find_element_by_tag_name(\"select\")).select_by_index(2)\n        \"\"\"\n        if webelement.tag_name.lower() != \"select\":\n            raise UnexpectedTagNameException(\n                \"Select only works on <select> elements, not on <%s>\" %\n>               webelement.tag_name)\nE           selenium.common.exceptions.UnexpectedTagNameException: Message: Select only works on <select> elements, not on <input>\n\n/Library/Frameworks/Python.framework/Versions/3.7/lib/python3.7/site-packages/selenium/webdriver/support/select.py:39: UnexpectedTagNameException"}, "attachments": [{"name": "log", "source": "5e876c8d-0f30-465e-a26b-e045064095b2-attachment.txt", "type": "text/plain"}], "start": 1633358722494, "stop": 1633358735256, "uuid": "c9f44a30-0666-4115-862e-9fde2c42f753", "historyId": "76df8a469c5cecec4e30ae10cd05cd74", "testCaseId": "f9948cca250eb2189a72b1d653deda6f", "fullName": "scripts.test02_mp_app.TestApp#test_mp_app", "labels": [{"name": "parentSuite", "value": "scripts"}, {"name": "suite", "value": "test02_mp_app"}, {"name": "subSuite", "value": "TestApp"}, {"name": "host", "value": "PierodeMacBook-Air.local"}, {"name": "thread", "value": "55656-MainThread"}, {"name": "framework", "value": "pytest"}, {"name": "language", "value": "cpython3"}, {"name": "package", "value": "scripts.test02_mp_app"}]}