{"name": "test_mp_app", "status": "broken", "statusDetails": {"message": "selenium.common.exceptions.TimeoutException: Message:", "trace": "self = <scripts.test02_mp_app.TestApp object at 0x10583e940>\nversionName = '安卓-01', version = 'andriod-01'\n\n    def test_mp_app(self, versionName=\"安卓-01\", version=\"andriod-01\"):\n>       self.app.page_mp_app(versionName, version)\n\ntest02_mp_app.py:22: \n_ _ _ _ _ _ _ _ _ _ _ _ _ _ _ _ _ _ _ _ _ _ _ _ _ _ _ _ _ _ _ _ _ _ _ _ _ _ _ _ \n../page/page_mp_app.py:39: in page_mp_app\n    self.page_app_select_type()\n../page/page_mp_app.py:28: in page_app_select_type\n    self.web_click_element(placeholder_text=\"请选择\", click_text=\"口罩\")\n../base/web_base.py:23: in web_click_element\n    self.base_click(loc)\n../base/base.py:42: in base_click\n    el = self.base_find(loc)\n../base/base.py:26: in base_find\n    poll_frequency=poll).until(lambda x:x.find_element(*loc))\n_ _ _ _ _ _ _ _ _ _ _ _ _ _ _ _ _ _ _ _ _ _ _ _ _ _ _ _ _ _ _ _ _ _ _ _ _ _ _ _ \n\nself = <selenium.webdriver.support.wait.WebDriverWait (session=\"2ed63123720d73a3d53f82d9deba5d09\")>\nmethod = <function Base.base_find.<locals>.<lambda> at 0x1058be6a8>\nmessage = ''\n\n    def until(self, method, message=''):\n        \"\"\"Calls the method provided with the driver as an argument until the \\\n        return value is not False.\"\"\"\n        screen = None\n        stacktrace = None\n    \n        end_time = time.time() + self._timeout\n        while True:\n            try:\n                value = method(self._driver)\n                if value:\n                    return value\n            except self._ignored_exceptions as exc:\n                screen = getattr(exc, 'screen', None)\n                stacktrace = getattr(exc, 'stacktrace', None)\n            time.sleep(self._poll)\n            if time.time() > end_time:\n                break\n>       raise TimeoutException(message, screen, stacktrace)\nE       selenium.common.exceptions.TimeoutException: Message:\n\n/Library/Frameworks/Python.framework/Versions/3.7/lib/python3.7/site-packages/selenium/webdriver/support/wait.py:80: TimeoutException"}, "attachments": [{"name": "log", "source": "539baa29-bcc1-4213-83d4-26933414063a-attachment.txt", "type": "text/plain"}], "start": 1633361072165, "stop": 1633361118652, "uuid": "d1dda6b9-3c3c-49c9-92bd-f19100bfd81f", "historyId": "76df8a469c5cecec4e30ae10cd05cd74", "testCaseId": "f9948cca250eb2189a72b1d653deda6f", "fullName": "scripts.test02_mp_app.TestApp#test_mp_app", "labels": [{"name": "parentSuite", "value": "scripts"}, {"name": "suite", "value": "test02_mp_app"}, {"name": "subSuite", "value": "TestApp"}, {"name": "host", "value": "PierodeMacBook-Air.local"}, {"name": "thread", "value": "56915-MainThread"}, {"name": "framework", "value": "pytest"}, {"name": "language", "value": "cpython3"}, {"name": "package", "value": "scripts.test02_mp_app"}]}