{"name": "test_mp_app", "status": "broken", "statusDetails": {"message": "selenium.common.exceptions.UnexpectedTagNameException: Message: Select only works on <select> elements, not on <input>", "trace": "self = <scripts.test02_mp_app.TestApp object at 0x10573e8d0>\nversionName = '安卓-01', version = 'andriod-01'\n\n    def test_mp_app(self, versionName=\"安卓-01\", version=\"andriod-01\"):\n>       self.app.page_mp_app(versionName, version)\n\ntest02_mp_app.py:22: \n_ _ _ _ _ _ _ _ _ _ _ _ _ _ _ _ _ _ _ _ _ _ _ _ _ _ _ _ _ _ _ _ _ _ _ _ _ _ _ _ \n../page/page_mp_app.py:39: in page_mp_app\n    self.page_app_select_type()\n../page/page_mp_app.py:28: in page_app_select_type\n    self.web_click_element(placeholder_text=\"请选择\", click_text=\"口罩\")\n../base/web_base.py:16: in web_click_element\n    sel = Select(el)\n_ _ _ _ _ _ _ _ _ _ _ _ _ _ _ _ _ _ _ _ _ _ _ _ _ _ _ _ _ _ _ _ _ _ _ _ _ _ _ _ \n\nself = <selenium.webdriver.support.select.Select object at 0x105810550>\nwebelement = <selenium.webdriver.remote.webelement.WebElement (session=\"31ef712475fe39809b1ad2df7deff311\", element=\"1a7b9e9a-f9cd-49b6-a2ef-51d56a5ef20b\")>\n\n    def __init__(self, webelement):\n        \"\"\"\n        Constructor. A check is made that the given element is, indeed, a SELECT tag. If it is not,\n        then an UnexpectedTagNameException is thrown.\n    \n        :Args:\n         - webelement - element SELECT element to wrap\n    \n        Example:\n            from selenium.webdriver.support.ui import Select \\n\n            Select(driver.find_element_by_tag_name(\"select\")).select_by_index(2)\n        \"\"\"\n        if webelement.tag_name.lower() != \"select\":\n            raise UnexpectedTagNameException(\n                \"Select only works on <select> elements, not on <%s>\" %\n>               webelement.tag_name)\nE           selenium.common.exceptions.UnexpectedTagNameException: Message: Select only works on <select> elements, not on <input>\n\n/Library/Frameworks/Python.framework/Versions/3.7/lib/python3.7/site-packages/selenium/webdriver/support/select.py:39: UnexpectedTagNameException"}, "attachments": [{"name": "log", "source": "f0483ab4-8582-4599-993c-ff3238ba8148-attachment.txt", "type": "text/plain"}], "start": 1633358677385, "stop": 1633358690245, "uuid": "312d093e-940f-403c-bd5c-b499d5cee547", "historyId": "76df8a469c5cecec4e30ae10cd05cd74", "testCaseId": "f9948cca250eb2189a72b1d653deda6f", "fullName": "scripts.test02_mp_app.TestApp#test_mp_app", "labels": [{"name": "parentSuite", "value": "scripts"}, {"name": "suite", "value": "test02_mp_app"}, {"name": "subSuite", "value": "TestApp"}, {"name": "host", "value": "PierodeMacBook-Air.local"}, {"name": "thread", "value": "55618-MainThread"}, {"name": "framework", "value": "pytest"}, {"name": "language", "value": "cpython3"}, {"name": "package", "value": "scripts.test02_mp_app"}]}