{"name": "test_mp_login[admin-123456-admin]", "status": "broken", "statusDetails": {"message": "selenium.common.exceptions.TimeoutException: Message:", "trace": "self = <scripts.test01_mp_login.TestMpLogin object at 0x105877390>\nusername = 'admin', password = '123456', expect = 'admin'\n\n    @pytest.mark.parametrize(\"username,password,expect\",read_yaml(\"mp_login.yaml\"))\n    def test_mp_login(self,username,password,expect):\n        # 调用登录业务方法\n>       self.mp.page_mp_login(username,password)\n\ntest01_mp_login.py:27: \n_ _ _ _ _ _ _ _ _ _ _ _ _ _ _ _ _ _ _ _ _ _ _ _ _ _ _ _ _ _ _ _ _ _ _ _ _ _ _ _ \n../page/page_mp_login.py:34: in page_mp_login\n    self.page_app_click()\n../page/page_mp_login.py:27: in page_app_click\n    self.base_click(page.mp_app_btn)\n../base/base.py:37: in base_click\n    self.base_find(loc).click()\n../base/base.py:22: in base_find\n    poll_frequency=poll).until(lambda x:x.find_element(*loc))\n_ _ _ _ _ _ _ _ _ _ _ _ _ _ _ _ _ _ _ _ _ _ _ _ _ _ _ _ _ _ _ _ _ _ _ _ _ _ _ _ \n\nself = <selenium.webdriver.support.wait.WebDriverWait (session=\"16bb2beb416cd52c4dadee1c40e148ec\")>\nmethod = <function Base.base_find.<locals>.<lambda> at 0x105832488>\nmessage = ''\n\n    def until(self, method, message=''):\n        \"\"\"Calls the method provided with the driver as an argument until the \\\n        return value is not False.\"\"\"\n        screen = None\n        stacktrace = None\n    \n        end_time = time.time() + self._timeout\n        while True:\n            try:\n                value = method(self._driver)\n                if value:\n                    return value\n            except self._ignored_exceptions as exc:\n                screen = getattr(exc, 'screen', None)\n                stacktrace = getattr(exc, 'stacktrace', None)\n            time.sleep(self._poll)\n            if time.time() > end_time:\n                break\n>       raise TimeoutException(message, screen, stacktrace)\nE       selenium.common.exceptions.TimeoutException: Message:\n\n/Library/Frameworks/Python.framework/Versions/3.7/lib/python3.7/site-packages/selenium/webdriver/support/wait.py:80: TimeoutException"}, "parameters": [{"name": "username", "value": "'admin'"}, {"name": "password", "value": "'123456'"}, {"name": "expect", "value": "'admin'"}], "start": 1633269245546, "stop": 1633269279452, "uuid": "b276d870-66b7-4ccb-8063-5d0a81943bda", "historyId": "e267b6eeb032034786467d0edf459663", "testCaseId": "b1928a7174b0d14afd7479ec3844ea33", "fullName": "scripts.test01_mp_login.TestMpLogin#test_mp_login", "labels": [{"name": "parentSuite", "value": "scripts"}, {"name": "suite", "value": "test01_mp_login"}, {"name": "subSuite", "value": "TestMpLogin"}, {"name": "host", "value": "PierodeMacBook-Air.local"}, {"name": "thread", "value": "33743-MainThread"}, {"name": "framework", "value": "pytest"}, {"name": "language", "value": "cpython3"}, {"name": "package", "value": "scripts.test01_mp_login"}]}